[2025-07-29T18:44:22.670+0000] {processor.py:161} INFO - Started process (PID=1351) to work on /home/project/airflow/dags/ETL_toll_data.py
[2025-07-29T18:44:22.671+0000] {processor.py:830} INFO - Processing file /home/project/airflow/dags/ETL_toll_data.py for tasks to queue
[2025-07-29T18:44:22.674+0000] {logging_mixin.py:188} INFO - [2025-07-29T18:44:22.674+0000] {dagbag.py:545} INFO - Filling up the DagBag from /home/project/airflow/dags/ETL_toll_data.py
[2025-07-29T18:44:22.685+0000] {processor.py:840} INFO - DAG(s) 'ETL_toll_data' retrieved from /home/project/airflow/dags/ETL_toll_data.py
[2025-07-29T18:44:22.839+0000] {logging_mixin.py:188} INFO - [2025-07-29T18:44:22.838+0000] {override.py:1829} INFO - Created Permission View: can edit on DAG:ETL_toll_data
[2025-07-29T18:44:22.852+0000] {logging_mixin.py:188} INFO - [2025-07-29T18:44:22.851+0000] {override.py:1829} INFO - Created Permission View: can delete on DAG:ETL_toll_data
[2025-07-29T18:44:22.859+0000] {logging_mixin.py:188} INFO - [2025-07-29T18:44:22.859+0000] {override.py:1829} INFO - Created Permission View: can read on DAG:ETL_toll_data
[2025-07-29T18:44:22.860+0000] {logging_mixin.py:188} INFO - [2025-07-29T18:44:22.860+0000] {dag.py:3096} INFO - Sync 1 DAGs
[2025-07-29T18:44:22.876+0000] {logging_mixin.py:188} INFO - [2025-07-29T18:44:22.875+0000] {dag.py:3118} INFO - Creating ORM DAG for ETL_toll_data
[2025-07-29T18:44:22.891+0000] {logging_mixin.py:188} INFO - [2025-07-29T18:44:22.891+0000] {dag.py:3954} INFO - Setting next_dagrun for ETL_toll_data to 2025-07-29 00:00:00+00:00, run_after=2025-07-30 00:00:00+00:00
[2025-07-29T18:44:22.912+0000] {processor.py:183} INFO - Processing /home/project/airflow/dags/ETL_toll_data.py took 0.254 seconds
[2025-07-29T18:44:53.176+0000] {processor.py:161} INFO - Started process (PID=1418) to work on /home/project/airflow/dags/ETL_toll_data.py
[2025-07-29T18:44:53.178+0000] {processor.py:830} INFO - Processing file /home/project/airflow/dags/ETL_toll_data.py for tasks to queue
[2025-07-29T18:44:53.181+0000] {logging_mixin.py:188} INFO - [2025-07-29T18:44:53.180+0000] {dagbag.py:545} INFO - Filling up the DagBag from /home/project/airflow/dags/ETL_toll_data.py
[2025-07-29T18:44:53.192+0000] {processor.py:840} INFO - DAG(s) 'ETL_toll_data' retrieved from /home/project/airflow/dags/ETL_toll_data.py
[2025-07-29T18:44:53.233+0000] {logging_mixin.py:188} INFO - [2025-07-29T18:44:53.233+0000] {dag.py:3096} INFO - Sync 1 DAGs
[2025-07-29T18:44:53.273+0000] {logging_mixin.py:188} INFO - [2025-07-29T18:44:53.272+0000] {dag.py:3954} INFO - Setting next_dagrun for ETL_toll_data to 2025-07-29 00:00:00+00:00, run_after=2025-07-30 00:00:00+00:00
[2025-07-29T18:44:53.302+0000] {processor.py:183} INFO - Processing /home/project/airflow/dags/ETL_toll_data.py took 0.137 seconds
[2025-07-29T18:45:23.956+0000] {processor.py:161} INFO - Started process (PID=1485) to work on /home/project/airflow/dags/ETL_toll_data.py
[2025-07-29T18:45:23.959+0000] {processor.py:830} INFO - Processing file /home/project/airflow/dags/ETL_toll_data.py for tasks to queue
[2025-07-29T18:45:23.961+0000] {logging_mixin.py:188} INFO - [2025-07-29T18:45:23.961+0000] {dagbag.py:545} INFO - Filling up the DagBag from /home/project/airflow/dags/ETL_toll_data.py
[2025-07-29T18:45:23.972+0000] {processor.py:840} INFO - DAG(s) 'ETL_toll_data' retrieved from /home/project/airflow/dags/ETL_toll_data.py
[2025-07-29T18:45:24.015+0000] {logging_mixin.py:188} INFO - [2025-07-29T18:45:24.015+0000] {dag.py:3096} INFO - Sync 1 DAGs
[2025-07-29T18:45:24.057+0000] {logging_mixin.py:188} INFO - [2025-07-29T18:45:24.057+0000] {dag.py:3954} INFO - Setting next_dagrun for ETL_toll_data to 2025-07-29 00:00:00+00:00, run_after=2025-07-30 00:00:00+00:00
[2025-07-29T18:45:24.093+0000] {processor.py:183} INFO - Processing /home/project/airflow/dags/ETL_toll_data.py took 0.147 seconds
[2025-07-29T18:45:54.773+0000] {processor.py:161} INFO - Started process (PID=1552) to work on /home/project/airflow/dags/ETL_toll_data.py
[2025-07-29T18:45:54.774+0000] {processor.py:830} INFO - Processing file /home/project/airflow/dags/ETL_toll_data.py for tasks to queue
[2025-07-29T18:45:54.777+0000] {logging_mixin.py:188} INFO - [2025-07-29T18:45:54.776+0000] {dagbag.py:545} INFO - Filling up the DagBag from /home/project/airflow/dags/ETL_toll_data.py
[2025-07-29T18:45:54.786+0000] {processor.py:840} INFO - DAG(s) 'ETL_toll_data' retrieved from /home/project/airflow/dags/ETL_toll_data.py
[2025-07-29T18:45:54.825+0000] {logging_mixin.py:188} INFO - [2025-07-29T18:45:54.824+0000] {dag.py:3096} INFO - Sync 1 DAGs
[2025-07-29T18:45:54.864+0000] {logging_mixin.py:188} INFO - [2025-07-29T18:45:54.863+0000] {dag.py:3954} INFO - Setting next_dagrun for ETL_toll_data to 2025-07-29 00:00:00+00:00, run_after=2025-07-30 00:00:00+00:00
[2025-07-29T18:45:54.901+0000] {processor.py:183} INFO - Processing /home/project/airflow/dags/ETL_toll_data.py took 0.138 seconds
[2025-07-29T18:46:25.673+0000] {processor.py:161} INFO - Started process (PID=1619) to work on /home/project/airflow/dags/ETL_toll_data.py
[2025-07-29T18:46:25.684+0000] {processor.py:830} INFO - Processing file /home/project/airflow/dags/ETL_toll_data.py for tasks to queue
[2025-07-29T18:46:25.688+0000] {logging_mixin.py:188} INFO - [2025-07-29T18:46:25.688+0000] {dagbag.py:545} INFO - Filling up the DagBag from /home/project/airflow/dags/ETL_toll_data.py
[2025-07-29T18:46:25.701+0000] {processor.py:840} INFO - DAG(s) 'ETL_toll_data' retrieved from /home/project/airflow/dags/ETL_toll_data.py
[2025-07-29T18:46:25.743+0000] {logging_mixin.py:188} INFO - [2025-07-29T18:46:25.743+0000] {dag.py:3096} INFO - Sync 1 DAGs
[2025-07-29T18:46:25.792+0000] {logging_mixin.py:188} INFO - [2025-07-29T18:46:25.791+0000] {dag.py:3954} INFO - Setting next_dagrun for ETL_toll_data to 2025-07-29 00:00:00+00:00, run_after=2025-07-30 00:00:00+00:00
[2025-07-29T18:46:25.953+0000] {processor.py:183} INFO - Processing /home/project/airflow/dags/ETL_toll_data.py took 0.295 seconds
[2025-07-29T18:46:56.059+0000] {processor.py:161} INFO - Started process (PID=1686) to work on /home/project/airflow/dags/ETL_toll_data.py
[2025-07-29T18:46:56.069+0000] {processor.py:830} INFO - Processing file /home/project/airflow/dags/ETL_toll_data.py for tasks to queue
[2025-07-29T18:46:56.072+0000] {logging_mixin.py:188} INFO - [2025-07-29T18:46:56.072+0000] {dagbag.py:545} INFO - Filling up the DagBag from /home/project/airflow/dags/ETL_toll_data.py
[2025-07-29T18:46:56.094+0000] {processor.py:840} INFO - DAG(s) 'ETL_toll_data' retrieved from /home/project/airflow/dags/ETL_toll_data.py
[2025-07-29T18:46:56.195+0000] {logging_mixin.py:188} INFO - [2025-07-29T18:46:56.194+0000] {dag.py:3096} INFO - Sync 1 DAGs
[2025-07-29T18:46:56.311+0000] {logging_mixin.py:188} INFO - [2025-07-29T18:46:56.310+0000] {dag.py:3954} INFO - Setting next_dagrun for ETL_toll_data to 2025-07-29 00:00:00+00:00, run_after=2025-07-30 00:00:00+00:00
[2025-07-29T18:46:56.378+0000] {processor.py:183} INFO - Processing /home/project/airflow/dags/ETL_toll_data.py took 0.335 seconds
[2025-07-29T18:47:27.151+0000] {processor.py:161} INFO - Started process (PID=1753) to work on /home/project/airflow/dags/ETL_toll_data.py
[2025-07-29T18:47:27.153+0000] {processor.py:830} INFO - Processing file /home/project/airflow/dags/ETL_toll_data.py for tasks to queue
[2025-07-29T18:47:27.156+0000] {logging_mixin.py:188} INFO - [2025-07-29T18:47:27.156+0000] {dagbag.py:545} INFO - Filling up the DagBag from /home/project/airflow/dags/ETL_toll_data.py
[2025-07-29T18:47:27.175+0000] {processor.py:840} INFO - DAG(s) 'ETL_toll_data' retrieved from /home/project/airflow/dags/ETL_toll_data.py
[2025-07-29T18:47:27.234+0000] {logging_mixin.py:188} INFO - [2025-07-29T18:47:27.233+0000] {dag.py:3096} INFO - Sync 1 DAGs
[2025-07-29T18:47:27.295+0000] {logging_mixin.py:188} INFO - [2025-07-29T18:47:27.294+0000] {dag.py:3954} INFO - Setting next_dagrun for ETL_toll_data to 2025-07-29 00:00:00+00:00, run_after=2025-07-30 00:00:00+00:00
[2025-07-29T18:47:27.353+0000] {processor.py:183} INFO - Processing /home/project/airflow/dags/ETL_toll_data.py took 0.221 seconds
[2025-07-29T18:47:57.673+0000] {processor.py:161} INFO - Started process (PID=1820) to work on /home/project/airflow/dags/ETL_toll_data.py
[2025-07-29T18:47:57.680+0000] {processor.py:830} INFO - Processing file /home/project/airflow/dags/ETL_toll_data.py for tasks to queue
[2025-07-29T18:47:57.683+0000] {logging_mixin.py:188} INFO - [2025-07-29T18:47:57.683+0000] {dagbag.py:545} INFO - Filling up the DagBag from /home/project/airflow/dags/ETL_toll_data.py
[2025-07-29T18:47:57.697+0000] {processor.py:840} INFO - DAG(s) 'ETL_toll_data' retrieved from /home/project/airflow/dags/ETL_toll_data.py
[2025-07-29T18:47:57.751+0000] {logging_mixin.py:188} INFO - [2025-07-29T18:47:57.751+0000] {dag.py:3096} INFO - Sync 1 DAGs
[2025-07-29T18:47:57.797+0000] {logging_mixin.py:188} INFO - [2025-07-29T18:47:57.797+0000] {dag.py:3954} INFO - Setting next_dagrun for ETL_toll_data to 2025-07-29 00:00:00+00:00, run_after=2025-07-30 00:00:00+00:00
[2025-07-29T18:47:57.853+0000] {processor.py:183} INFO - Processing /home/project/airflow/dags/ETL_toll_data.py took 0.190 seconds
[2025-07-29T18:48:28.073+0000] {processor.py:161} INFO - Started process (PID=1887) to work on /home/project/airflow/dags/ETL_toll_data.py
[2025-07-29T18:48:28.075+0000] {processor.py:830} INFO - Processing file /home/project/airflow/dags/ETL_toll_data.py for tasks to queue
[2025-07-29T18:48:28.078+0000] {logging_mixin.py:188} INFO - [2025-07-29T18:48:28.077+0000] {dagbag.py:545} INFO - Filling up the DagBag from /home/project/airflow/dags/ETL_toll_data.py
[2025-07-29T18:48:28.096+0000] {processor.py:840} INFO - DAG(s) 'ETL_toll_data' retrieved from /home/project/airflow/dags/ETL_toll_data.py
[2025-07-29T18:48:28.169+0000] {logging_mixin.py:188} INFO - [2025-07-29T18:48:28.162+0000] {dag.py:3096} INFO - Sync 1 DAGs
[2025-07-29T18:48:28.236+0000] {logging_mixin.py:188} INFO - [2025-07-29T18:48:28.235+0000] {dag.py:3954} INFO - Setting next_dagrun for ETL_toll_data to 2025-07-29 00:00:00+00:00, run_after=2025-07-30 00:00:00+00:00
[2025-07-29T18:48:28.293+0000] {processor.py:183} INFO - Processing /home/project/airflow/dags/ETL_toll_data.py took 0.236 seconds
[2025-07-29T18:48:58.744+0000] {processor.py:161} INFO - Started process (PID=1954) to work on /home/project/airflow/dags/ETL_toll_data.py
[2025-07-29T18:48:58.746+0000] {processor.py:830} INFO - Processing file /home/project/airflow/dags/ETL_toll_data.py for tasks to queue
[2025-07-29T18:48:58.750+0000] {logging_mixin.py:188} INFO - [2025-07-29T18:48:58.749+0000] {dagbag.py:545} INFO - Filling up the DagBag from /home/project/airflow/dags/ETL_toll_data.py
[2025-07-29T18:48:58.759+0000] {processor.py:840} INFO - DAG(s) 'ETL_toll_data' retrieved from /home/project/airflow/dags/ETL_toll_data.py
[2025-07-29T18:48:58.795+0000] {logging_mixin.py:188} INFO - [2025-07-29T18:48:58.794+0000] {dag.py:3096} INFO - Sync 1 DAGs
[2025-07-29T18:48:58.829+0000] {logging_mixin.py:188} INFO - [2025-07-29T18:48:58.827+0000] {dag.py:3954} INFO - Setting next_dagrun for ETL_toll_data to 2025-07-29 00:00:00+00:00, run_after=2025-07-30 00:00:00+00:00
[2025-07-29T18:48:58.854+0000] {processor.py:183} INFO - Processing /home/project/airflow/dags/ETL_toll_data.py took 0.120 seconds
[2025-07-29T18:49:29.062+0000] {processor.py:161} INFO - Started process (PID=2021) to work on /home/project/airflow/dags/ETL_toll_data.py
[2025-07-29T18:49:29.131+0000] {processor.py:830} INFO - Processing file /home/project/airflow/dags/ETL_toll_data.py for tasks to queue
[2025-07-29T18:49:29.135+0000] {logging_mixin.py:188} INFO - [2025-07-29T18:49:29.134+0000] {dagbag.py:545} INFO - Filling up the DagBag from /home/project/airflow/dags/ETL_toll_data.py
[2025-07-29T18:49:29.144+0000] {processor.py:840} INFO - DAG(s) 'ETL_toll_data' retrieved from /home/project/airflow/dags/ETL_toll_data.py
[2025-07-29T18:49:29.185+0000] {logging_mixin.py:188} INFO - [2025-07-29T18:49:29.185+0000] {dag.py:3096} INFO - Sync 1 DAGs
[2025-07-29T18:49:29.225+0000] {logging_mixin.py:188} INFO - [2025-07-29T18:49:29.224+0000] {dag.py:3954} INFO - Setting next_dagrun for ETL_toll_data to 2025-07-29 00:00:00+00:00, run_after=2025-07-30 00:00:00+00:00
[2025-07-29T18:49:29.292+0000] {processor.py:183} INFO - Processing /home/project/airflow/dags/ETL_toll_data.py took 0.240 seconds
[2025-07-29T18:49:59.573+0000] {processor.py:161} INFO - Started process (PID=2095) to work on /home/project/airflow/dags/ETL_toll_data.py
[2025-07-29T18:49:59.575+0000] {processor.py:830} INFO - Processing file /home/project/airflow/dags/ETL_toll_data.py for tasks to queue
[2025-07-29T18:49:59.578+0000] {logging_mixin.py:188} INFO - [2025-07-29T18:49:59.577+0000] {dagbag.py:545} INFO - Filling up the DagBag from /home/project/airflow/dags/ETL_toll_data.py
[2025-07-29T18:49:59.598+0000] {processor.py:840} INFO - DAG(s) 'ETL_toll_data' retrieved from /home/project/airflow/dags/ETL_toll_data.py
[2025-07-29T18:49:59.697+0000] {logging_mixin.py:188} INFO - [2025-07-29T18:49:59.696+0000] {dag.py:3096} INFO - Sync 1 DAGs
[2025-07-29T18:49:59.777+0000] {logging_mixin.py:188} INFO - [2025-07-29T18:49:59.777+0000] {dag.py:3954} INFO - Setting next_dagrun for ETL_toll_data to 2025-07-29 00:00:00+00:00, run_after=2025-07-30 00:00:00+00:00
[2025-07-29T18:49:59.831+0000] {processor.py:183} INFO - Processing /home/project/airflow/dags/ETL_toll_data.py took 0.277 seconds
[2025-07-29T18:50:30.046+0000] {processor.py:161} INFO - Started process (PID=2156) to work on /home/project/airflow/dags/ETL_toll_data.py
[2025-07-29T18:50:30.051+0000] {processor.py:830} INFO - Processing file /home/project/airflow/dags/ETL_toll_data.py for tasks to queue
[2025-07-29T18:50:30.054+0000] {logging_mixin.py:188} INFO - [2025-07-29T18:50:30.054+0000] {dagbag.py:545} INFO - Filling up the DagBag from /home/project/airflow/dags/ETL_toll_data.py
[2025-07-29T18:50:30.071+0000] {processor.py:840} INFO - DAG(s) 'ETL_toll_data' retrieved from /home/project/airflow/dags/ETL_toll_data.py
[2025-07-29T18:50:30.132+0000] {logging_mixin.py:188} INFO - [2025-07-29T18:50:30.131+0000] {dag.py:3096} INFO - Sync 1 DAGs
[2025-07-29T18:50:30.197+0000] {logging_mixin.py:188} INFO - [2025-07-29T18:50:30.197+0000] {dag.py:3954} INFO - Setting next_dagrun for ETL_toll_data to 2025-07-29 00:00:00+00:00, run_after=2025-07-30 00:00:00+00:00
[2025-07-29T18:50:30.259+0000] {processor.py:183} INFO - Processing /home/project/airflow/dags/ETL_toll_data.py took 0.224 seconds
[2025-07-29T18:51:00.560+0000] {processor.py:161} INFO - Started process (PID=2223) to work on /home/project/airflow/dags/ETL_toll_data.py
[2025-07-29T18:51:00.562+0000] {processor.py:830} INFO - Processing file /home/project/airflow/dags/ETL_toll_data.py for tasks to queue
[2025-07-29T18:51:00.570+0000] {logging_mixin.py:188} INFO - [2025-07-29T18:51:00.569+0000] {dagbag.py:545} INFO - Filling up the DagBag from /home/project/airflow/dags/ETL_toll_data.py
[2025-07-29T18:51:00.590+0000] {processor.py:840} INFO - DAG(s) 'ETL_toll_data' retrieved from /home/project/airflow/dags/ETL_toll_data.py
[2025-07-29T18:51:00.659+0000] {logging_mixin.py:188} INFO - [2025-07-29T18:51:00.659+0000] {dag.py:3096} INFO - Sync 1 DAGs
[2025-07-29T18:51:00.770+0000] {logging_mixin.py:188} INFO - [2025-07-29T18:51:00.769+0000] {dag.py:3954} INFO - Setting next_dagrun for ETL_toll_data to 2025-07-29 00:00:00+00:00, run_after=2025-07-30 00:00:00+00:00
[2025-07-29T18:51:00.913+0000] {processor.py:183} INFO - Processing /home/project/airflow/dags/ETL_toll_data.py took 0.364 seconds
[2025-07-29T18:51:31.619+0000] {processor.py:161} INFO - Started process (PID=2290) to work on /home/project/airflow/dags/ETL_toll_data.py
[2025-07-29T18:51:31.621+0000] {processor.py:830} INFO - Processing file /home/project/airflow/dags/ETL_toll_data.py for tasks to queue
[2025-07-29T18:51:31.631+0000] {logging_mixin.py:188} INFO - [2025-07-29T18:51:31.631+0000] {dagbag.py:545} INFO - Filling up the DagBag from /home/project/airflow/dags/ETL_toll_data.py
[2025-07-29T18:51:31.642+0000] {processor.py:840} INFO - DAG(s) 'ETL_toll_data' retrieved from /home/project/airflow/dags/ETL_toll_data.py
[2025-07-29T18:51:31.718+0000] {logging_mixin.py:188} INFO - [2025-07-29T18:51:31.717+0000] {dag.py:3096} INFO - Sync 1 DAGs
[2025-07-29T18:51:31.811+0000] {logging_mixin.py:188} INFO - [2025-07-29T18:51:31.796+0000] {dag.py:3954} INFO - Setting next_dagrun for ETL_toll_data to 2025-07-29 00:00:00+00:00, run_after=2025-07-30 00:00:00+00:00
[2025-07-29T18:51:31.894+0000] {processor.py:183} INFO - Processing /home/project/airflow/dags/ETL_toll_data.py took 0.292 seconds
[2025-07-29T18:52:02.305+0000] {processor.py:161} INFO - Started process (PID=2350) to work on /home/project/airflow/dags/ETL_toll_data.py
[2025-07-29T18:52:02.307+0000] {processor.py:830} INFO - Processing file /home/project/airflow/dags/ETL_toll_data.py for tasks to queue
[2025-07-29T18:52:02.310+0000] {logging_mixin.py:188} INFO - [2025-07-29T18:52:02.309+0000] {dagbag.py:545} INFO - Filling up the DagBag from /home/project/airflow/dags/ETL_toll_data.py
[2025-07-29T18:52:02.320+0000] {processor.py:840} INFO - DAG(s) 'ETL_toll_data' retrieved from /home/project/airflow/dags/ETL_toll_data.py
[2025-07-29T18:52:02.369+0000] {logging_mixin.py:188} INFO - [2025-07-29T18:52:02.369+0000] {dag.py:3096} INFO - Sync 1 DAGs
[2025-07-29T18:52:02.411+0000] {logging_mixin.py:188} INFO - [2025-07-29T18:52:02.410+0000] {dag.py:3954} INFO - Setting next_dagrun for ETL_toll_data to 2025-07-29 00:00:00+00:00, run_after=2025-07-30 00:00:00+00:00
[2025-07-29T18:52:02.440+0000] {processor.py:183} INFO - Processing /home/project/airflow/dags/ETL_toll_data.py took 0.146 seconds
[2025-07-29T18:52:32.621+0000] {processor.py:161} INFO - Started process (PID=2417) to work on /home/project/airflow/dags/ETL_toll_data.py
[2025-07-29T18:52:32.623+0000] {processor.py:830} INFO - Processing file /home/project/airflow/dags/ETL_toll_data.py for tasks to queue
[2025-07-29T18:52:32.625+0000] {logging_mixin.py:188} INFO - [2025-07-29T18:52:32.625+0000] {dagbag.py:545} INFO - Filling up the DagBag from /home/project/airflow/dags/ETL_toll_data.py
[2025-07-29T18:52:32.636+0000] {processor.py:840} INFO - DAG(s) 'ETL_toll_data' retrieved from /home/project/airflow/dags/ETL_toll_data.py
[2025-07-29T18:52:32.687+0000] {logging_mixin.py:188} INFO - [2025-07-29T18:52:32.687+0000] {dag.py:3096} INFO - Sync 1 DAGs
[2025-07-29T18:52:32.737+0000] {logging_mixin.py:188} INFO - [2025-07-29T18:52:32.736+0000] {dag.py:3954} INFO - Setting next_dagrun for ETL_toll_data to 2025-07-29 00:00:00+00:00, run_after=2025-07-30 00:00:00+00:00
[2025-07-29T18:52:32.781+0000] {processor.py:183} INFO - Processing /home/project/airflow/dags/ETL_toll_data.py took 0.171 seconds
[2025-07-29T18:53:02.871+0000] {processor.py:161} INFO - Started process (PID=2484) to work on /home/project/airflow/dags/ETL_toll_data.py
[2025-07-29T18:53:02.873+0000] {processor.py:830} INFO - Processing file /home/project/airflow/dags/ETL_toll_data.py for tasks to queue
[2025-07-29T18:53:02.876+0000] {logging_mixin.py:188} INFO - [2025-07-29T18:53:02.876+0000] {dagbag.py:545} INFO - Filling up the DagBag from /home/project/airflow/dags/ETL_toll_data.py
[2025-07-29T18:53:02.887+0000] {processor.py:840} INFO - DAG(s) 'ETL_toll_data' retrieved from /home/project/airflow/dags/ETL_toll_data.py
[2025-07-29T18:53:02.930+0000] {logging_mixin.py:188} INFO - [2025-07-29T18:53:02.929+0000] {dag.py:3096} INFO - Sync 1 DAGs
[2025-07-29T18:53:02.969+0000] {logging_mixin.py:188} INFO - [2025-07-29T18:53:02.969+0000] {dag.py:3954} INFO - Setting next_dagrun for ETL_toll_data to 2025-07-29 00:00:00+00:00, run_after=2025-07-30 00:00:00+00:00
[2025-07-29T18:53:02.998+0000] {processor.py:183} INFO - Processing /home/project/airflow/dags/ETL_toll_data.py took 0.138 seconds
[2025-07-29T18:53:33.137+0000] {processor.py:161} INFO - Started process (PID=2551) to work on /home/project/airflow/dags/ETL_toll_data.py
[2025-07-29T18:53:33.139+0000] {processor.py:830} INFO - Processing file /home/project/airflow/dags/ETL_toll_data.py for tasks to queue
[2025-07-29T18:53:33.151+0000] {logging_mixin.py:188} INFO - [2025-07-29T18:53:33.150+0000] {dagbag.py:545} INFO - Filling up the DagBag from /home/project/airflow/dags/ETL_toll_data.py
[2025-07-29T18:53:33.174+0000] {processor.py:840} INFO - DAG(s) 'ETL_toll_data' retrieved from /home/project/airflow/dags/ETL_toll_data.py
[2025-07-29T18:53:33.259+0000] {logging_mixin.py:188} INFO - [2025-07-29T18:53:33.259+0000] {dag.py:3096} INFO - Sync 1 DAGs
[2025-07-29T18:53:33.352+0000] {logging_mixin.py:188} INFO - [2025-07-29T18:53:33.352+0000] {dag.py:3954} INFO - Setting next_dagrun for ETL_toll_data to 2025-07-29 00:00:00+00:00, run_after=2025-07-30 00:00:00+00:00
[2025-07-29T18:53:33.395+0000] {processor.py:183} INFO - Processing /home/project/airflow/dags/ETL_toll_data.py took 0.275 seconds
[2025-07-29T18:54:04.272+0000] {processor.py:161} INFO - Started process (PID=2618) to work on /home/project/airflow/dags/ETL_toll_data.py
[2025-07-29T18:54:04.274+0000] {processor.py:830} INFO - Processing file /home/project/airflow/dags/ETL_toll_data.py for tasks to queue
[2025-07-29T18:54:04.276+0000] {logging_mixin.py:188} INFO - [2025-07-29T18:54:04.276+0000] {dagbag.py:545} INFO - Filling up the DagBag from /home/project/airflow/dags/ETL_toll_data.py
[2025-07-29T18:54:04.291+0000] {processor.py:840} INFO - DAG(s) 'ETL_toll_data' retrieved from /home/project/airflow/dags/ETL_toll_data.py
[2025-07-29T18:54:04.352+0000] {logging_mixin.py:188} INFO - [2025-07-29T18:54:04.352+0000] {dag.py:3096} INFO - Sync 1 DAGs
[2025-07-29T18:54:04.414+0000] {logging_mixin.py:188} INFO - [2025-07-29T18:54:04.413+0000] {dag.py:3954} INFO - Setting next_dagrun for ETL_toll_data to 2025-07-29 00:00:00+00:00, run_after=2025-07-30 00:00:00+00:00
[2025-07-29T18:54:04.461+0000] {processor.py:183} INFO - Processing /home/project/airflow/dags/ETL_toll_data.py took 0.210 seconds
[2025-07-29T18:54:34.894+0000] {processor.py:161} INFO - Started process (PID=2692) to work on /home/project/airflow/dags/ETL_toll_data.py
[2025-07-29T18:54:34.896+0000] {processor.py:830} INFO - Processing file /home/project/airflow/dags/ETL_toll_data.py for tasks to queue
[2025-07-29T18:54:34.911+0000] {logging_mixin.py:188} INFO - [2025-07-29T18:54:34.911+0000] {dagbag.py:545} INFO - Filling up the DagBag from /home/project/airflow/dags/ETL_toll_data.py
[2025-07-29T18:54:34.933+0000] {processor.py:840} INFO - DAG(s) 'ETL_toll_data' retrieved from /home/project/airflow/dags/ETL_toll_data.py
[2025-07-29T18:54:35.030+0000] {logging_mixin.py:188} INFO - [2025-07-29T18:54:35.030+0000] {dag.py:3096} INFO - Sync 1 DAGs
[2025-07-29T18:54:35.117+0000] {logging_mixin.py:188} INFO - [2025-07-29T18:54:35.117+0000] {dag.py:3954} INFO - Setting next_dagrun for ETL_toll_data to 2025-07-29 00:00:00+00:00, run_after=2025-07-30 00:00:00+00:00
[2025-07-29T18:54:35.171+0000] {processor.py:183} INFO - Processing /home/project/airflow/dags/ETL_toll_data.py took 0.293 seconds
[2025-07-29T18:55:05.753+0000] {processor.py:161} INFO - Started process (PID=2759) to work on /home/project/airflow/dags/ETL_toll_data.py
[2025-07-29T18:55:05.754+0000] {processor.py:830} INFO - Processing file /home/project/airflow/dags/ETL_toll_data.py for tasks to queue
[2025-07-29T18:55:05.757+0000] {logging_mixin.py:188} INFO - [2025-07-29T18:55:05.757+0000] {dagbag.py:545} INFO - Filling up the DagBag from /home/project/airflow/dags/ETL_toll_data.py
[2025-07-29T18:55:05.777+0000] {processor.py:840} INFO - DAG(s) 'ETL_toll_data' retrieved from /home/project/airflow/dags/ETL_toll_data.py
[2025-07-29T18:55:05.859+0000] {logging_mixin.py:188} INFO - [2025-07-29T18:55:05.859+0000] {dag.py:3096} INFO - Sync 1 DAGs
[2025-07-29T18:55:05.911+0000] {logging_mixin.py:188} INFO - [2025-07-29T18:55:05.910+0000] {dag.py:3954} INFO - Setting next_dagrun for ETL_toll_data to 2025-07-29 00:00:00+00:00, run_after=2025-07-30 00:00:00+00:00
[2025-07-29T18:55:05.957+0000] {processor.py:183} INFO - Processing /home/project/airflow/dags/ETL_toll_data.py took 0.222 seconds
[2025-07-29T18:55:36.659+0000] {processor.py:161} INFO - Started process (PID=2826) to work on /home/project/airflow/dags/ETL_toll_data.py
[2025-07-29T18:55:36.693+0000] {processor.py:830} INFO - Processing file /home/project/airflow/dags/ETL_toll_data.py for tasks to queue
[2025-07-29T18:55:36.696+0000] {logging_mixin.py:188} INFO - [2025-07-29T18:55:36.696+0000] {dagbag.py:545} INFO - Filling up the DagBag from /home/project/airflow/dags/ETL_toll_data.py
[2025-07-29T18:55:36.712+0000] {processor.py:840} INFO - DAG(s) 'ETL_toll_data' retrieved from /home/project/airflow/dags/ETL_toll_data.py
[2025-07-29T18:55:36.798+0000] {logging_mixin.py:188} INFO - [2025-07-29T18:55:36.797+0000] {dag.py:3096} INFO - Sync 1 DAGs
[2025-07-29T18:55:36.891+0000] {logging_mixin.py:188} INFO - [2025-07-29T18:55:36.890+0000] {dag.py:3954} INFO - Setting next_dagrun for ETL_toll_data to 2025-07-29 00:00:00+00:00, run_after=2025-07-30 00:00:00+00:00
[2025-07-29T18:55:37.198+0000] {processor.py:183} INFO - Processing /home/project/airflow/dags/ETL_toll_data.py took 0.561 seconds
[2025-07-29T18:56:07.593+0000] {processor.py:161} INFO - Started process (PID=2893) to work on /home/project/airflow/dags/ETL_toll_data.py
[2025-07-29T18:56:07.595+0000] {processor.py:830} INFO - Processing file /home/project/airflow/dags/ETL_toll_data.py for tasks to queue
[2025-07-29T18:56:07.597+0000] {logging_mixin.py:188} INFO - [2025-07-29T18:56:07.597+0000] {dagbag.py:545} INFO - Filling up the DagBag from /home/project/airflow/dags/ETL_toll_data.py
[2025-07-29T18:56:07.616+0000] {processor.py:840} INFO - DAG(s) 'ETL_toll_data' retrieved from /home/project/airflow/dags/ETL_toll_data.py
[2025-07-29T18:56:07.677+0000] {logging_mixin.py:188} INFO - [2025-07-29T18:56:07.676+0000] {dag.py:3096} INFO - Sync 1 DAGs
[2025-07-29T18:56:07.720+0000] {logging_mixin.py:188} INFO - [2025-07-29T18:56:07.719+0000] {dag.py:3954} INFO - Setting next_dagrun for ETL_toll_data to 2025-07-29 00:00:00+00:00, run_after=2025-07-30 00:00:00+00:00
[2025-07-29T18:56:07.748+0000] {processor.py:183} INFO - Processing /home/project/airflow/dags/ETL_toll_data.py took 0.174 seconds
[2025-07-29T18:56:38.418+0000] {processor.py:161} INFO - Started process (PID=2958) to work on /home/project/airflow/dags/ETL_toll_data.py
[2025-07-29T18:56:38.419+0000] {processor.py:830} INFO - Processing file /home/project/airflow/dags/ETL_toll_data.py for tasks to queue
[2025-07-29T18:56:38.430+0000] {logging_mixin.py:188} INFO - [2025-07-29T18:56:38.430+0000] {dagbag.py:545} INFO - Filling up the DagBag from /home/project/airflow/dags/ETL_toll_data.py
[2025-07-29T18:56:38.441+0000] {processor.py:840} INFO - DAG(s) 'ETL_toll_data' retrieved from /home/project/airflow/dags/ETL_toll_data.py
[2025-07-29T18:56:38.512+0000] {logging_mixin.py:188} INFO - [2025-07-29T18:56:38.512+0000] {dag.py:3096} INFO - Sync 1 DAGs
[2025-07-29T18:56:38.562+0000] {logging_mixin.py:188} INFO - [2025-07-29T18:56:38.561+0000] {dag.py:3954} INFO - Setting next_dagrun for ETL_toll_data to 2025-07-29 00:00:00+00:00, run_after=2025-07-30 00:00:00+00:00
[2025-07-29T18:56:38.613+0000] {processor.py:183} INFO - Processing /home/project/airflow/dags/ETL_toll_data.py took 0.208 seconds
[2025-07-29T18:57:08.810+0000] {processor.py:161} INFO - Started process (PID=3025) to work on /home/project/airflow/dags/ETL_toll_data.py
[2025-07-29T18:57:08.818+0000] {processor.py:830} INFO - Processing file /home/project/airflow/dags/ETL_toll_data.py for tasks to queue
[2025-07-29T18:57:08.822+0000] {logging_mixin.py:188} INFO - [2025-07-29T18:57:08.821+0000] {dagbag.py:545} INFO - Filling up the DagBag from /home/project/airflow/dags/ETL_toll_data.py
[2025-07-29T18:57:08.842+0000] {processor.py:840} INFO - DAG(s) 'ETL_toll_data' retrieved from /home/project/airflow/dags/ETL_toll_data.py
[2025-07-29T18:57:08.915+0000] {logging_mixin.py:188} INFO - [2025-07-29T18:57:08.915+0000] {dag.py:3096} INFO - Sync 1 DAGs
[2025-07-29T18:57:08.994+0000] {logging_mixin.py:188} INFO - [2025-07-29T18:57:08.994+0000] {dag.py:3954} INFO - Setting next_dagrun for ETL_toll_data to 2025-07-29 00:00:00+00:00, run_after=2025-07-30 00:00:00+00:00
[2025-07-29T18:57:09.080+0000] {processor.py:183} INFO - Processing /home/project/airflow/dags/ETL_toll_data.py took 0.291 seconds
[2025-07-29T18:57:39.632+0000] {processor.py:161} INFO - Started process (PID=3092) to work on /home/project/airflow/dags/ETL_toll_data.py
[2025-07-29T18:57:39.634+0000] {processor.py:830} INFO - Processing file /home/project/airflow/dags/ETL_toll_data.py for tasks to queue
[2025-07-29T18:57:39.636+0000] {logging_mixin.py:188} INFO - [2025-07-29T18:57:39.636+0000] {dagbag.py:545} INFO - Filling up the DagBag from /home/project/airflow/dags/ETL_toll_data.py
[2025-07-29T18:57:39.654+0000] {processor.py:840} INFO - DAG(s) 'ETL_toll_data' retrieved from /home/project/airflow/dags/ETL_toll_data.py
[2025-07-29T18:57:39.737+0000] {logging_mixin.py:188} INFO - [2025-07-29T18:57:39.736+0000] {dag.py:3096} INFO - Sync 1 DAGs
[2025-07-29T18:57:39.797+0000] {logging_mixin.py:188} INFO - [2025-07-29T18:57:39.797+0000] {dag.py:3954} INFO - Setting next_dagrun for ETL_toll_data to 2025-07-29 00:00:00+00:00, run_after=2025-07-30 00:00:00+00:00
[2025-07-29T18:57:39.849+0000] {processor.py:183} INFO - Processing /home/project/airflow/dags/ETL_toll_data.py took 0.234 seconds
[2025-07-29T18:58:10.034+0000] {processor.py:161} INFO - Started process (PID=3159) to work on /home/project/airflow/dags/ETL_toll_data.py
[2025-07-29T18:58:10.036+0000] {processor.py:830} INFO - Processing file /home/project/airflow/dags/ETL_toll_data.py for tasks to queue
[2025-07-29T18:58:10.039+0000] {logging_mixin.py:188} INFO - [2025-07-29T18:58:10.038+0000] {dagbag.py:545} INFO - Filling up the DagBag from /home/project/airflow/dags/ETL_toll_data.py
[2025-07-29T18:58:10.056+0000] {processor.py:840} INFO - DAG(s) 'ETL_toll_data' retrieved from /home/project/airflow/dags/ETL_toll_data.py
[2025-07-29T18:58:10.101+0000] {logging_mixin.py:188} INFO - [2025-07-29T18:58:10.101+0000] {dag.py:3096} INFO - Sync 1 DAGs
[2025-07-29T18:58:10.144+0000] {logging_mixin.py:188} INFO - [2025-07-29T18:58:10.144+0000] {dag.py:3954} INFO - Setting next_dagrun for ETL_toll_data to 2025-07-29 00:00:00+00:00, run_after=2025-07-30 00:00:00+00:00
[2025-07-29T18:58:10.177+0000] {processor.py:183} INFO - Processing /home/project/airflow/dags/ETL_toll_data.py took 0.161 seconds
[2025-07-29T18:58:40.273+0000] {processor.py:161} INFO - Started process (PID=3226) to work on /home/project/airflow/dags/ETL_toll_data.py
[2025-07-29T18:58:40.275+0000] {processor.py:830} INFO - Processing file /home/project/airflow/dags/ETL_toll_data.py for tasks to queue
[2025-07-29T18:58:40.278+0000] {logging_mixin.py:188} INFO - [2025-07-29T18:58:40.277+0000] {dagbag.py:545} INFO - Filling up the DagBag from /home/project/airflow/dags/ETL_toll_data.py
[2025-07-29T18:58:40.292+0000] {processor.py:840} INFO - DAG(s) 'ETL_toll_data' retrieved from /home/project/airflow/dags/ETL_toll_data.py
[2025-07-29T18:58:40.350+0000] {logging_mixin.py:188} INFO - [2025-07-29T18:58:40.350+0000] {dag.py:3096} INFO - Sync 1 DAGs
[2025-07-29T18:58:40.390+0000] {logging_mixin.py:188} INFO - [2025-07-29T18:58:40.390+0000] {dag.py:3954} INFO - Setting next_dagrun for ETL_toll_data to 2025-07-29 00:00:00+00:00, run_after=2025-07-30 00:00:00+00:00
[2025-07-29T18:58:40.420+0000] {processor.py:183} INFO - Processing /home/project/airflow/dags/ETL_toll_data.py took 0.159 seconds
[2025-07-29T18:59:11.083+0000] {processor.py:161} INFO - Started process (PID=3293) to work on /home/project/airflow/dags/ETL_toll_data.py
[2025-07-29T18:59:11.085+0000] {processor.py:830} INFO - Processing file /home/project/airflow/dags/ETL_toll_data.py for tasks to queue
[2025-07-29T18:59:11.091+0000] {logging_mixin.py:188} INFO - [2025-07-29T18:59:11.090+0000] {dagbag.py:545} INFO - Filling up the DagBag from /home/project/airflow/dags/ETL_toll_data.py
[2025-07-29T18:59:11.101+0000] {processor.py:840} INFO - DAG(s) 'ETL_toll_data' retrieved from /home/project/airflow/dags/ETL_toll_data.py
[2025-07-29T18:59:11.149+0000] {logging_mixin.py:188} INFO - [2025-07-29T18:59:11.148+0000] {dag.py:3096} INFO - Sync 1 DAGs
[2025-07-29T18:59:11.188+0000] {logging_mixin.py:188} INFO - [2025-07-29T18:59:11.187+0000] {dag.py:3954} INFO - Setting next_dagrun for ETL_toll_data to 2025-07-29 00:00:00+00:00, run_after=2025-07-30 00:00:00+00:00
[2025-07-29T18:59:11.214+0000] {processor.py:183} INFO - Processing /home/project/airflow/dags/ETL_toll_data.py took 0.141 seconds
[2025-07-29T18:59:41.295+0000] {processor.py:161} INFO - Started process (PID=3360) to work on /home/project/airflow/dags/ETL_toll_data.py
[2025-07-29T18:59:41.300+0000] {processor.py:830} INFO - Processing file /home/project/airflow/dags/ETL_toll_data.py for tasks to queue
[2025-07-29T18:59:41.304+0000] {logging_mixin.py:188} INFO - [2025-07-29T18:59:41.303+0000] {dagbag.py:545} INFO - Filling up the DagBag from /home/project/airflow/dags/ETL_toll_data.py
[2025-07-29T18:59:41.314+0000] {processor.py:840} INFO - DAG(s) 'ETL_toll_data' retrieved from /home/project/airflow/dags/ETL_toll_data.py
[2025-07-29T18:59:41.354+0000] {logging_mixin.py:188} INFO - [2025-07-29T18:59:41.353+0000] {dag.py:3096} INFO - Sync 1 DAGs
[2025-07-29T18:59:41.401+0000] {logging_mixin.py:188} INFO - [2025-07-29T18:59:41.400+0000] {dag.py:3954} INFO - Setting next_dagrun for ETL_toll_data to 2025-07-29 00:00:00+00:00, run_after=2025-07-30 00:00:00+00:00
[2025-07-29T18:59:41.436+0000] {processor.py:183} INFO - Processing /home/project/airflow/dags/ETL_toll_data.py took 0.154 seconds
[2025-07-29T18:59:51.430+0000] {processor.py:161} INFO - Started process (PID=3381) to work on /home/project/airflow/dags/ETL_toll_data.py
[2025-07-29T18:59:51.432+0000] {processor.py:830} INFO - Processing file /home/project/airflow/dags/ETL_toll_data.py for tasks to queue
[2025-07-29T18:59:51.435+0000] {logging_mixin.py:188} INFO - [2025-07-29T18:59:51.434+0000] {dagbag.py:545} INFO - Filling up the DagBag from /home/project/airflow/dags/ETL_toll_data.py
[2025-07-29T18:59:51.455+0000] {processor.py:840} INFO - DAG(s) 'ETL_toll_data' retrieved from /home/project/airflow/dags/ETL_toll_data.py
[2025-07-29T18:59:52.295+0000] {logging_mixin.py:188} INFO - [2025-07-29T18:59:52.295+0000] {dag.py:3096} INFO - Sync 1 DAGs
[2025-07-29T18:59:52.410+0000] {logging_mixin.py:188} INFO - [2025-07-29T18:59:52.409+0000] {dag.py:3954} INFO - Setting next_dagrun for ETL_toll_data to 2025-07-29 00:00:00+00:00, run_after=2025-07-30 00:00:00+00:00
[2025-07-29T18:59:52.511+0000] {processor.py:183} INFO - Processing /home/project/airflow/dags/ETL_toll_data.py took 1.102 seconds
[2025-07-29T18:59:56.432+0000] {processor.py:161} INFO - Started process (PID=3390) to work on /home/project/airflow/dags/ETL_toll_data.py
[2025-07-29T18:59:56.436+0000] {processor.py:830} INFO - Processing file /home/project/airflow/dags/ETL_toll_data.py for tasks to queue
[2025-07-29T18:59:56.449+0000] {logging_mixin.py:188} INFO - [2025-07-29T18:59:56.439+0000] {dagbag.py:545} INFO - Filling up the DagBag from /home/project/airflow/dags/ETL_toll_data.py
[2025-07-29T18:59:56.476+0000] {processor.py:840} INFO - DAG(s) 'ETL_toll_data' retrieved from /home/project/airflow/dags/ETL_toll_data.py
[2025-07-29T18:59:56.524+0000] {logging_mixin.py:188} INFO - [2025-07-29T18:59:56.523+0000] {dag.py:3096} INFO - Sync 1 DAGs
[2025-07-29T18:59:56.990+0000] {logging_mixin.py:188} INFO - [2025-07-29T18:59:56.990+0000] {dag.py:3954} INFO - Setting next_dagrun for ETL_toll_data to 2025-07-29 00:00:00+00:00, run_after=2025-07-30 00:00:00+00:00
[2025-07-29T18:59:57.050+0000] {processor.py:183} INFO - Processing /home/project/airflow/dags/ETL_toll_data.py took 0.641 seconds
[2025-07-29T19:00:01.997+0000] {processor.py:161} INFO - Started process (PID=3407) to work on /home/project/airflow/dags/ETL_toll_data.py
[2025-07-29T19:00:02.030+0000] {processor.py:830} INFO - Processing file /home/project/airflow/dags/ETL_toll_data.py for tasks to queue
[2025-07-29T19:00:02.034+0000] {logging_mixin.py:188} INFO - [2025-07-29T19:00:02.033+0000] {dagbag.py:545} INFO - Filling up the DagBag from /home/project/airflow/dags/ETL_toll_data.py
[2025-07-29T19:00:02.049+0000] {processor.py:840} INFO - DAG(s) 'ETL_toll_data' retrieved from /home/project/airflow/dags/ETL_toll_data.py
[2025-07-29T19:00:02.074+0000] {logging_mixin.py:188} INFO - [2025-07-29T19:00:02.073+0000] {dag.py:3096} INFO - Sync 1 DAGs
[2025-07-29T19:00:02.113+0000] {logging_mixin.py:188} INFO - [2025-07-29T19:00:02.113+0000] {dag.py:3954} INFO - Setting next_dagrun for ETL_toll_data to 2025-07-29 00:00:00+00:00, run_after=2025-07-30 00:00:00+00:00
[2025-07-29T19:00:02.162+0000] {processor.py:183} INFO - Processing /home/project/airflow/dags/ETL_toll_data.py took 0.185 seconds
[2025-07-29T19:00:08.254+0000] {processor.py:161} INFO - Started process (PID=3424) to work on /home/project/airflow/dags/ETL_toll_data.py
[2025-07-29T19:00:08.256+0000] {processor.py:830} INFO - Processing file /home/project/airflow/dags/ETL_toll_data.py for tasks to queue
[2025-07-29T19:00:08.259+0000] {logging_mixin.py:188} INFO - [2025-07-29T19:00:08.258+0000] {dagbag.py:545} INFO - Filling up the DagBag from /home/project/airflow/dags/ETL_toll_data.py
[2025-07-29T19:00:08.297+0000] {processor.py:840} INFO - DAG(s) 'ETL_toll_data' retrieved from /home/project/airflow/dags/ETL_toll_data.py
[2025-07-29T19:00:08.342+0000] {logging_mixin.py:188} INFO - [2025-07-29T19:00:08.341+0000] {dag.py:3096} INFO - Sync 1 DAGs
[2025-07-29T19:00:08.416+0000] {logging_mixin.py:188} INFO - [2025-07-29T19:00:08.416+0000] {dag.py:3954} INFO - Setting next_dagrun for ETL_toll_data to 2025-07-29 00:00:00+00:00, run_after=2025-07-30 00:00:00+00:00
[2025-07-29T19:00:08.538+0000] {processor.py:183} INFO - Processing /home/project/airflow/dags/ETL_toll_data.py took 0.304 seconds
[2025-07-29T19:00:13.806+0000] {processor.py:161} INFO - Started process (PID=3440) to work on /home/project/airflow/dags/ETL_toll_data.py
[2025-07-29T19:00:13.808+0000] {processor.py:830} INFO - Processing file /home/project/airflow/dags/ETL_toll_data.py for tasks to queue
[2025-07-29T19:00:13.812+0000] {logging_mixin.py:188} INFO - [2025-07-29T19:00:13.811+0000] {dagbag.py:545} INFO - Filling up the DagBag from /home/project/airflow/dags/ETL_toll_data.py
[2025-07-29T19:00:13.824+0000] {processor.py:840} INFO - DAG(s) 'ETL_toll_data' retrieved from /home/project/airflow/dags/ETL_toll_data.py
[2025-07-29T19:00:13.853+0000] {logging_mixin.py:188} INFO - [2025-07-29T19:00:13.853+0000] {dag.py:3096} INFO - Sync 1 DAGs
[2025-07-29T19:00:13.896+0000] {logging_mixin.py:188} INFO - [2025-07-29T19:00:13.896+0000] {dag.py:3954} INFO - Setting next_dagrun for ETL_toll_data to 2025-07-29 00:00:00+00:00, run_after=2025-07-30 00:00:00+00:00
[2025-07-29T19:00:13.925+0000] {processor.py:183} INFO - Processing /home/project/airflow/dags/ETL_toll_data.py took 0.131 seconds
[2025-07-29T19:00:15.835+0000] {processor.py:161} INFO - Started process (PID=3441) to work on /home/project/airflow/dags/ETL_toll_data.py
[2025-07-29T19:00:15.837+0000] {processor.py:830} INFO - Processing file /home/project/airflow/dags/ETL_toll_data.py for tasks to queue
[2025-07-29T19:00:15.840+0000] {logging_mixin.py:188} INFO - [2025-07-29T19:00:15.839+0000] {dagbag.py:545} INFO - Filling up the DagBag from /home/project/airflow/dags/ETL_toll_data.py
[2025-07-29T19:00:15.852+0000] {processor.py:840} INFO - DAG(s) 'ETL_toll_data' retrieved from /home/project/airflow/dags/ETL_toll_data.py
[2025-07-29T19:00:15.880+0000] {logging_mixin.py:188} INFO - [2025-07-29T19:00:15.880+0000] {dag.py:3096} INFO - Sync 1 DAGs
[2025-07-29T19:00:15.939+0000] {logging_mixin.py:188} INFO - [2025-07-29T19:00:15.938+0000] {dag.py:3954} INFO - Setting next_dagrun for ETL_toll_data to 2025-07-29 00:00:00+00:00, run_after=2025-07-30 00:00:00+00:00
[2025-07-29T19:00:15.988+0000] {processor.py:183} INFO - Processing /home/project/airflow/dags/ETL_toll_data.py took 0.165 seconds
[2025-07-29T19:00:46.529+0000] {processor.py:161} INFO - Started process (PID=3508) to work on /home/project/airflow/dags/ETL_toll_data.py
[2025-07-29T19:00:46.532+0000] {processor.py:830} INFO - Processing file /home/project/airflow/dags/ETL_toll_data.py for tasks to queue
[2025-07-29T19:00:46.535+0000] {logging_mixin.py:188} INFO - [2025-07-29T19:00:46.534+0000] {dagbag.py:545} INFO - Filling up the DagBag from /home/project/airflow/dags/ETL_toll_data.py
[2025-07-29T19:00:46.549+0000] {processor.py:840} INFO - DAG(s) 'ETL_toll_data' retrieved from /home/project/airflow/dags/ETL_toll_data.py
[2025-07-29T19:00:47.060+0000] {logging_mixin.py:188} INFO - [2025-07-29T19:00:47.060+0000] {dag.py:3096} INFO - Sync 1 DAGs
[2025-07-29T19:00:47.097+0000] {logging_mixin.py:188} INFO - [2025-07-29T19:00:47.096+0000] {dag.py:3954} INFO - Setting next_dagrun for ETL_toll_data to 2025-07-29 00:00:00+00:00, run_after=2025-07-30 00:00:00+00:00
[2025-07-29T19:00:47.132+0000] {processor.py:183} INFO - Processing /home/project/airflow/dags/ETL_toll_data.py took 0.617 seconds
[2025-07-29T19:01:05.893+0000] {processor.py:161} INFO - Started process (PID=3542) to work on /home/project/airflow/dags/ETL_toll_data.py
[2025-07-29T19:01:05.895+0000] {processor.py:830} INFO - Processing file /home/project/airflow/dags/ETL_toll_data.py for tasks to queue
[2025-07-29T19:01:05.899+0000] {logging_mixin.py:188} INFO - [2025-07-29T19:01:05.898+0000] {dagbag.py:545} INFO - Filling up the DagBag from /home/project/airflow/dags/ETL_toll_data.py
[2025-07-29T19:01:05.911+0000] {processor.py:840} INFO - DAG(s) 'ETL_toll_data' retrieved from /home/project/airflow/dags/ETL_toll_data.py
[2025-07-29T19:01:05.944+0000] {logging_mixin.py:188} INFO - [2025-07-29T19:01:05.943+0000] {dag.py:3096} INFO - Sync 1 DAGs
[2025-07-29T19:01:06.270+0000] {logging_mixin.py:188} INFO - [2025-07-29T19:01:06.269+0000] {dag.py:3954} INFO - Setting next_dagrun for ETL_toll_data to 2025-07-29 00:00:00+00:00, run_after=2025-07-30 00:00:00+00:00
[2025-07-29T19:01:06.300+0000] {processor.py:183} INFO - Processing /home/project/airflow/dags/ETL_toll_data.py took 0.422 seconds
[2025-07-29T19:01:33.833+0000] {processor.py:161} INFO - Started process (PID=3599) to work on /home/project/airflow/dags/ETL_toll_data.py
[2025-07-29T19:01:33.835+0000] {processor.py:830} INFO - Processing file /home/project/airflow/dags/ETL_toll_data.py for tasks to queue
[2025-07-29T19:01:33.851+0000] {logging_mixin.py:188} INFO - [2025-07-29T19:01:33.851+0000] {dagbag.py:545} INFO - Filling up the DagBag from /home/project/airflow/dags/ETL_toll_data.py
[2025-07-29T19:01:33.877+0000] {processor.py:840} INFO - DAG(s) 'ETL_toll_data' retrieved from /home/project/airflow/dags/ETL_toll_data.py
[2025-07-29T19:01:35.018+0000] {logging_mixin.py:188} INFO - [2025-07-29T19:01:35.017+0000] {dag.py:3096} INFO - Sync 1 DAGs
[2025-07-29T19:01:35.098+0000] {logging_mixin.py:188} INFO - [2025-07-29T19:01:35.098+0000] {dag.py:3954} INFO - Setting next_dagrun for ETL_toll_data to 2025-07-29 00:00:00+00:00, run_after=2025-07-30 00:00:00+00:00
[2025-07-29T19:01:35.200+0000] {processor.py:183} INFO - Processing /home/project/airflow/dags/ETL_toll_data.py took 1.390 seconds
[2025-07-29T19:02:05.811+0000] {processor.py:161} INFO - Started process (PID=3665) to work on /home/project/airflow/dags/ETL_toll_data.py
[2025-07-29T19:02:05.819+0000] {processor.py:830} INFO - Processing file /home/project/airflow/dags/ETL_toll_data.py for tasks to queue
[2025-07-29T19:02:05.831+0000] {logging_mixin.py:188} INFO - [2025-07-29T19:02:05.830+0000] {dagbag.py:545} INFO - Filling up the DagBag from /home/project/airflow/dags/ETL_toll_data.py
[2025-07-29T19:02:05.855+0000] {processor.py:840} INFO - DAG(s) 'ETL_toll_data' retrieved from /home/project/airflow/dags/ETL_toll_data.py
[2025-07-29T19:02:05.990+0000] {logging_mixin.py:188} INFO - [2025-07-29T19:02:05.975+0000] {dag.py:3096} INFO - Sync 1 DAGs
[2025-07-29T19:02:06.115+0000] {logging_mixin.py:188} INFO - [2025-07-29T19:02:06.114+0000] {dag.py:3954} INFO - Setting next_dagrun for ETL_toll_data to 2025-07-29 00:00:00+00:00, run_after=2025-07-30 00:00:00+00:00
[2025-07-29T19:02:06.249+0000] {processor.py:183} INFO - Processing /home/project/airflow/dags/ETL_toll_data.py took 0.459 seconds
[2025-07-29T19:02:36.714+0000] {processor.py:161} INFO - Started process (PID=3725) to work on /home/project/airflow/dags/ETL_toll_data.py
[2025-07-29T19:02:36.716+0000] {processor.py:830} INFO - Processing file /home/project/airflow/dags/ETL_toll_data.py for tasks to queue
[2025-07-29T19:02:36.732+0000] {logging_mixin.py:188} INFO - [2025-07-29T19:02:36.731+0000] {dagbag.py:545} INFO - Filling up the DagBag from /home/project/airflow/dags/ETL_toll_data.py
[2025-07-29T19:02:36.756+0000] {processor.py:840} INFO - DAG(s) 'ETL_toll_data' retrieved from /home/project/airflow/dags/ETL_toll_data.py
[2025-07-29T19:02:36.851+0000] {logging_mixin.py:188} INFO - [2025-07-29T19:02:36.850+0000] {dag.py:3096} INFO - Sync 1 DAGs
[2025-07-29T19:02:36.937+0000] {logging_mixin.py:188} INFO - [2025-07-29T19:02:36.936+0000] {dag.py:3954} INFO - Setting next_dagrun for ETL_toll_data to 2025-07-29 00:00:00+00:00, run_after=2025-07-30 00:00:00+00:00
[2025-07-29T19:02:37.020+0000] {processor.py:183} INFO - Processing /home/project/airflow/dags/ETL_toll_data.py took 0.322 seconds
[2025-07-29T19:03:07.376+0000] {processor.py:161} INFO - Started process (PID=3792) to work on /home/project/airflow/dags/ETL_toll_data.py
[2025-07-29T19:03:07.378+0000] {processor.py:830} INFO - Processing file /home/project/airflow/dags/ETL_toll_data.py for tasks to queue
[2025-07-29T19:03:07.381+0000] {logging_mixin.py:188} INFO - [2025-07-29T19:03:07.380+0000] {dagbag.py:545} INFO - Filling up the DagBag from /home/project/airflow/dags/ETL_toll_data.py
[2025-07-29T19:03:07.392+0000] {processor.py:840} INFO - DAG(s) 'ETL_toll_data' retrieved from /home/project/airflow/dags/ETL_toll_data.py
[2025-07-29T19:03:07.436+0000] {logging_mixin.py:188} INFO - [2025-07-29T19:03:07.436+0000] {dag.py:3096} INFO - Sync 1 DAGs
[2025-07-29T19:03:07.474+0000] {logging_mixin.py:188} INFO - [2025-07-29T19:03:07.474+0000] {dag.py:3954} INFO - Setting next_dagrun for ETL_toll_data to 2025-07-29 00:00:00+00:00, run_after=2025-07-30 00:00:00+00:00
[2025-07-29T19:03:07.499+0000] {processor.py:183} INFO - Processing /home/project/airflow/dags/ETL_toll_data.py took 0.135 seconds
[2025-07-29T19:03:37.913+0000] {processor.py:161} INFO - Started process (PID=3859) to work on /home/project/airflow/dags/ETL_toll_data.py
[2025-07-29T19:03:37.915+0000] {processor.py:830} INFO - Processing file /home/project/airflow/dags/ETL_toll_data.py for tasks to queue
[2025-07-29T19:03:37.918+0000] {logging_mixin.py:188} INFO - [2025-07-29T19:03:37.917+0000] {dagbag.py:545} INFO - Filling up the DagBag from /home/project/airflow/dags/ETL_toll_data.py
[2025-07-29T19:03:37.928+0000] {processor.py:840} INFO - DAG(s) 'ETL_toll_data' retrieved from /home/project/airflow/dags/ETL_toll_data.py
[2025-07-29T19:03:37.966+0000] {logging_mixin.py:188} INFO - [2025-07-29T19:03:37.966+0000] {dag.py:3096} INFO - Sync 1 DAGs
[2025-07-29T19:03:38.004+0000] {logging_mixin.py:188} INFO - [2025-07-29T19:03:38.004+0000] {dag.py:3954} INFO - Setting next_dagrun for ETL_toll_data to 2025-07-29 00:00:00+00:00, run_after=2025-07-30 00:00:00+00:00
[2025-07-29T19:03:38.031+0000] {processor.py:183} INFO - Processing /home/project/airflow/dags/ETL_toll_data.py took 0.130 seconds
[2025-07-29T19:04:08.829+0000] {processor.py:161} INFO - Started process (PID=3926) to work on /home/project/airflow/dags/ETL_toll_data.py
[2025-07-29T19:04:08.830+0000] {processor.py:830} INFO - Processing file /home/project/airflow/dags/ETL_toll_data.py for tasks to queue
[2025-07-29T19:04:08.833+0000] {logging_mixin.py:188} INFO - [2025-07-29T19:04:08.833+0000] {dagbag.py:545} INFO - Filling up the DagBag from /home/project/airflow/dags/ETL_toll_data.py
[2025-07-29T19:04:08.843+0000] {processor.py:840} INFO - DAG(s) 'ETL_toll_data' retrieved from /home/project/airflow/dags/ETL_toll_data.py
[2025-07-29T19:04:08.889+0000] {logging_mixin.py:188} INFO - [2025-07-29T19:04:08.886+0000] {dag.py:3096} INFO - Sync 1 DAGs
[2025-07-29T19:04:08.926+0000] {logging_mixin.py:188} INFO - [2025-07-29T19:04:08.925+0000] {dag.py:3954} INFO - Setting next_dagrun for ETL_toll_data to 2025-07-29 00:00:00+00:00, run_after=2025-07-30 00:00:00+00:00
[2025-07-29T19:04:08.955+0000] {processor.py:183} INFO - Processing /home/project/airflow/dags/ETL_toll_data.py took 0.137 seconds
[2025-07-29T19:04:39.138+0000] {processor.py:161} INFO - Started process (PID=3993) to work on /home/project/airflow/dags/ETL_toll_data.py
[2025-07-29T19:04:39.140+0000] {processor.py:830} INFO - Processing file /home/project/airflow/dags/ETL_toll_data.py for tasks to queue
[2025-07-29T19:04:39.142+0000] {logging_mixin.py:188} INFO - [2025-07-29T19:04:39.142+0000] {dagbag.py:545} INFO - Filling up the DagBag from /home/project/airflow/dags/ETL_toll_data.py
[2025-07-29T19:04:39.153+0000] {processor.py:840} INFO - DAG(s) 'ETL_toll_data' retrieved from /home/project/airflow/dags/ETL_toll_data.py
[2025-07-29T19:04:39.193+0000] {logging_mixin.py:188} INFO - [2025-07-29T19:04:39.193+0000] {dag.py:3096} INFO - Sync 1 DAGs
[2025-07-29T19:04:39.230+0000] {logging_mixin.py:188} INFO - [2025-07-29T19:04:39.230+0000] {dag.py:3954} INFO - Setting next_dagrun for ETL_toll_data to 2025-07-29 00:00:00+00:00, run_after=2025-07-30 00:00:00+00:00
[2025-07-29T19:04:39.259+0000] {processor.py:183} INFO - Processing /home/project/airflow/dags/ETL_toll_data.py took 0.132 seconds
[2025-07-29T19:05:00.344+0000] {processor.py:161} INFO - Started process (PID=4040) to work on /home/project/airflow/dags/ETL_toll_data.py
[2025-07-29T19:05:00.346+0000] {processor.py:830} INFO - Processing file /home/project/airflow/dags/ETL_toll_data.py for tasks to queue
[2025-07-29T19:05:00.349+0000] {logging_mixin.py:188} INFO - [2025-07-29T19:05:00.349+0000] {dagbag.py:545} INFO - Filling up the DagBag from /home/project/airflow/dags/ETL_toll_data.py
[2025-07-29T19:05:00.360+0000] {processor.py:840} INFO - DAG(s) 'ETL_toll_data' retrieved from /home/project/airflow/dags/ETL_toll_data.py
[2025-07-29T19:05:00.398+0000] {logging_mixin.py:188} INFO - [2025-07-29T19:05:00.398+0000] {dag.py:3096} INFO - Sync 1 DAGs
[2025-07-29T19:05:00.437+0000] {logging_mixin.py:188} INFO - [2025-07-29T19:05:00.437+0000] {dag.py:3954} INFO - Setting next_dagrun for ETL_toll_data to 2025-07-29 00:00:00+00:00, run_after=2025-07-30 00:00:00+00:00
[2025-07-29T19:05:00.469+0000] {processor.py:183} INFO - Processing /home/project/airflow/dags/ETL_toll_data.py took 0.134 seconds
[2025-07-29T19:05:31.091+0000] {processor.py:161} INFO - Started process (PID=4107) to work on /home/project/airflow/dags/ETL_toll_data.py
[2025-07-29T19:05:31.093+0000] {processor.py:830} INFO - Processing file /home/project/airflow/dags/ETL_toll_data.py for tasks to queue
[2025-07-29T19:05:31.097+0000] {logging_mixin.py:188} INFO - [2025-07-29T19:05:31.096+0000] {dagbag.py:545} INFO - Filling up the DagBag from /home/project/airflow/dags/ETL_toll_data.py
[2025-07-29T19:05:31.107+0000] {processor.py:840} INFO - DAG(s) 'ETL_toll_data' retrieved from /home/project/airflow/dags/ETL_toll_data.py
[2025-07-29T19:05:31.144+0000] {logging_mixin.py:188} INFO - [2025-07-29T19:05:31.144+0000] {dag.py:3096} INFO - Sync 1 DAGs
[2025-07-29T19:05:31.179+0000] {logging_mixin.py:188} INFO - [2025-07-29T19:05:31.179+0000] {dag.py:3954} INFO - Setting next_dagrun for ETL_toll_data to 2025-07-29 00:00:00+00:00, run_after=2025-07-30 00:00:00+00:00
[2025-07-29T19:05:31.204+0000] {processor.py:183} INFO - Processing /home/project/airflow/dags/ETL_toll_data.py took 0.124 seconds
[2025-07-29T19:06:01.695+0000] {processor.py:161} INFO - Started process (PID=4174) to work on /home/project/airflow/dags/ETL_toll_data.py
[2025-07-29T19:06:01.697+0000] {processor.py:830} INFO - Processing file /home/project/airflow/dags/ETL_toll_data.py for tasks to queue
[2025-07-29T19:06:01.699+0000] {logging_mixin.py:188} INFO - [2025-07-29T19:06:01.699+0000] {dagbag.py:545} INFO - Filling up the DagBag from /home/project/airflow/dags/ETL_toll_data.py
[2025-07-29T19:06:01.710+0000] {processor.py:840} INFO - DAG(s) 'ETL_toll_data' retrieved from /home/project/airflow/dags/ETL_toll_data.py
[2025-07-29T19:06:01.754+0000] {logging_mixin.py:188} INFO - [2025-07-29T19:06:01.754+0000] {dag.py:3096} INFO - Sync 1 DAGs
[2025-07-29T19:06:01.798+0000] {logging_mixin.py:188} INFO - [2025-07-29T19:06:01.797+0000] {dag.py:3954} INFO - Setting next_dagrun for ETL_toll_data to 2025-07-29 00:00:00+00:00, run_after=2025-07-30 00:00:00+00:00
[2025-07-29T19:06:01.831+0000] {processor.py:183} INFO - Processing /home/project/airflow/dags/ETL_toll_data.py took 0.148 seconds
[2025-07-29T19:06:32.172+0000] {processor.py:161} INFO - Started process (PID=4241) to work on /home/project/airflow/dags/ETL_toll_data.py
[2025-07-29T19:06:32.174+0000] {processor.py:830} INFO - Processing file /home/project/airflow/dags/ETL_toll_data.py for tasks to queue
[2025-07-29T19:06:32.176+0000] {logging_mixin.py:188} INFO - [2025-07-29T19:06:32.176+0000] {dagbag.py:545} INFO - Filling up the DagBag from /home/project/airflow/dags/ETL_toll_data.py
[2025-07-29T19:06:32.186+0000] {processor.py:840} INFO - DAG(s) 'ETL_toll_data' retrieved from /home/project/airflow/dags/ETL_toll_data.py
[2025-07-29T19:06:32.277+0000] {logging_mixin.py:188} INFO - [2025-07-29T19:06:32.277+0000] {dag.py:3096} INFO - Sync 1 DAGs
[2025-07-29T19:06:32.334+0000] {logging_mixin.py:188} INFO - [2025-07-29T19:06:32.334+0000] {dag.py:3954} INFO - Setting next_dagrun for ETL_toll_data to 2025-07-29 00:00:00+00:00, run_after=2025-07-30 00:00:00+00:00
[2025-07-29T19:06:32.365+0000] {processor.py:183} INFO - Processing /home/project/airflow/dags/ETL_toll_data.py took 0.205 seconds
[2025-07-29T19:07:02.701+0000] {processor.py:161} INFO - Started process (PID=4308) to work on /home/project/airflow/dags/ETL_toll_data.py
[2025-07-29T19:07:02.703+0000] {processor.py:830} INFO - Processing file /home/project/airflow/dags/ETL_toll_data.py for tasks to queue
[2025-07-29T19:07:02.706+0000] {logging_mixin.py:188} INFO - [2025-07-29T19:07:02.706+0000] {dagbag.py:545} INFO - Filling up the DagBag from /home/project/airflow/dags/ETL_toll_data.py
[2025-07-29T19:07:02.717+0000] {processor.py:840} INFO - DAG(s) 'ETL_toll_data' retrieved from /home/project/airflow/dags/ETL_toll_data.py
[2025-07-29T19:07:02.758+0000] {logging_mixin.py:188} INFO - [2025-07-29T19:07:02.757+0000] {dag.py:3096} INFO - Sync 1 DAGs
[2025-07-29T19:07:02.798+0000] {logging_mixin.py:188} INFO - [2025-07-29T19:07:02.798+0000] {dag.py:3954} INFO - Setting next_dagrun for ETL_toll_data to 2025-07-29 00:00:00+00:00, run_after=2025-07-30 00:00:00+00:00
[2025-07-29T19:07:02.829+0000] {processor.py:183} INFO - Processing /home/project/airflow/dags/ETL_toll_data.py took 0.140 seconds
[2025-07-29T19:07:33.678+0000] {processor.py:161} INFO - Started process (PID=4375) to work on /home/project/airflow/dags/ETL_toll_data.py
[2025-07-29T19:07:33.680+0000] {processor.py:830} INFO - Processing file /home/project/airflow/dags/ETL_toll_data.py for tasks to queue
[2025-07-29T19:07:33.682+0000] {logging_mixin.py:188} INFO - [2025-07-29T19:07:33.682+0000] {dagbag.py:545} INFO - Filling up the DagBag from /home/project/airflow/dags/ETL_toll_data.py
[2025-07-29T19:07:33.692+0000] {processor.py:840} INFO - DAG(s) 'ETL_toll_data' retrieved from /home/project/airflow/dags/ETL_toll_data.py
[2025-07-29T19:07:33.736+0000] {logging_mixin.py:188} INFO - [2025-07-29T19:07:33.735+0000] {dag.py:3096} INFO - Sync 1 DAGs
[2025-07-29T19:07:33.782+0000] {logging_mixin.py:188} INFO - [2025-07-29T19:07:33.782+0000] {dag.py:3954} INFO - Setting next_dagrun for ETL_toll_data to 2025-07-29 00:00:00+00:00, run_after=2025-07-30 00:00:00+00:00
[2025-07-29T19:07:33.812+0000] {processor.py:183} INFO - Processing /home/project/airflow/dags/ETL_toll_data.py took 0.145 seconds
[2025-07-29T19:08:04.012+0000] {processor.py:161} INFO - Started process (PID=4442) to work on /home/project/airflow/dags/ETL_toll_data.py
[2025-07-29T19:08:04.013+0000] {processor.py:830} INFO - Processing file /home/project/airflow/dags/ETL_toll_data.py for tasks to queue
[2025-07-29T19:08:04.016+0000] {logging_mixin.py:188} INFO - [2025-07-29T19:08:04.016+0000] {dagbag.py:545} INFO - Filling up the DagBag from /home/project/airflow/dags/ETL_toll_data.py
[2025-07-29T19:08:04.027+0000] {processor.py:840} INFO - DAG(s) 'ETL_toll_data' retrieved from /home/project/airflow/dags/ETL_toll_data.py
[2025-07-29T19:08:04.069+0000] {logging_mixin.py:188} INFO - [2025-07-29T19:08:04.068+0000] {dag.py:3096} INFO - Sync 1 DAGs
[2025-07-29T19:08:04.116+0000] {logging_mixin.py:188} INFO - [2025-07-29T19:08:04.115+0000] {dag.py:3954} INFO - Setting next_dagrun for ETL_toll_data to 2025-07-29 00:00:00+00:00, run_after=2025-07-30 00:00:00+00:00
[2025-07-29T19:08:04.154+0000] {processor.py:183} INFO - Processing /home/project/airflow/dags/ETL_toll_data.py took 0.154 seconds
[2025-07-29T19:08:34.205+0000] {processor.py:161} INFO - Started process (PID=4516) to work on /home/project/airflow/dags/ETL_toll_data.py
[2025-07-29T19:08:34.207+0000] {processor.py:830} INFO - Processing file /home/project/airflow/dags/ETL_toll_data.py for tasks to queue
[2025-07-29T19:08:34.209+0000] {logging_mixin.py:188} INFO - [2025-07-29T19:08:34.209+0000] {dagbag.py:545} INFO - Filling up the DagBag from /home/project/airflow/dags/ETL_toll_data.py
[2025-07-29T19:08:34.219+0000] {processor.py:840} INFO - DAG(s) 'ETL_toll_data' retrieved from /home/project/airflow/dags/ETL_toll_data.py
[2025-07-29T19:08:34.260+0000] {logging_mixin.py:188} INFO - [2025-07-29T19:08:34.260+0000] {dag.py:3096} INFO - Sync 1 DAGs
[2025-07-29T19:08:34.330+0000] {logging_mixin.py:188} INFO - [2025-07-29T19:08:34.329+0000] {dag.py:3954} INFO - Setting next_dagrun for ETL_toll_data to 2025-07-29 00:00:00+00:00, run_after=2025-07-30 00:00:00+00:00
[2025-07-29T19:08:34.395+0000] {processor.py:183} INFO - Processing /home/project/airflow/dags/ETL_toll_data.py took 0.200 seconds
[2025-07-29T19:09:04.690+0000] {processor.py:161} INFO - Started process (PID=4583) to work on /home/project/airflow/dags/ETL_toll_data.py
[2025-07-29T19:09:04.692+0000] {processor.py:830} INFO - Processing file /home/project/airflow/dags/ETL_toll_data.py for tasks to queue
[2025-07-29T19:09:04.695+0000] {logging_mixin.py:188} INFO - [2025-07-29T19:09:04.694+0000] {dagbag.py:545} INFO - Filling up the DagBag from /home/project/airflow/dags/ETL_toll_data.py
[2025-07-29T19:09:04.711+0000] {processor.py:840} INFO - DAG(s) 'ETL_toll_data' retrieved from /home/project/airflow/dags/ETL_toll_data.py
[2025-07-29T19:09:04.750+0000] {logging_mixin.py:188} INFO - [2025-07-29T19:09:04.749+0000] {dag.py:3096} INFO - Sync 1 DAGs
[2025-07-29T19:09:04.785+0000] {logging_mixin.py:188} INFO - [2025-07-29T19:09:04.784+0000] {dag.py:3954} INFO - Setting next_dagrun for ETL_toll_data to 2025-07-29 00:00:00+00:00, run_after=2025-07-30 00:00:00+00:00
[2025-07-29T19:09:04.809+0000] {processor.py:183} INFO - Processing /home/project/airflow/dags/ETL_toll_data.py took 0.139 seconds
[2025-07-29T19:09:35.653+0000] {processor.py:161} INFO - Started process (PID=4650) to work on /home/project/airflow/dags/ETL_toll_data.py
[2025-07-29T19:09:35.654+0000] {processor.py:830} INFO - Processing file /home/project/airflow/dags/ETL_toll_data.py for tasks to queue
[2025-07-29T19:09:35.657+0000] {logging_mixin.py:188} INFO - [2025-07-29T19:09:35.657+0000] {dagbag.py:545} INFO - Filling up the DagBag from /home/project/airflow/dags/ETL_toll_data.py
[2025-07-29T19:09:35.667+0000] {processor.py:840} INFO - DAG(s) 'ETL_toll_data' retrieved from /home/project/airflow/dags/ETL_toll_data.py
[2025-07-29T19:09:35.710+0000] {logging_mixin.py:188} INFO - [2025-07-29T19:09:35.710+0000] {dag.py:3096} INFO - Sync 1 DAGs
[2025-07-29T19:09:35.753+0000] {logging_mixin.py:188} INFO - [2025-07-29T19:09:35.753+0000] {dag.py:3954} INFO - Setting next_dagrun for ETL_toll_data to 2025-07-29 00:00:00+00:00, run_after=2025-07-30 00:00:00+00:00
[2025-07-29T19:09:35.782+0000] {processor.py:183} INFO - Processing /home/project/airflow/dags/ETL_toll_data.py took 0.140 seconds
