[2025-07-29T19:02:21.704+0000] {local_task_job_runner.py:120} INFO - ::group::Pre task execution logs
[2025-07-29T19:02:21.744+0000] {taskinstance.py:2076} INFO - Dependencies all met for dep_context=non-requeueable deps ti=<TaskInstance: ETL_toll_data.unzip_data manual__2025-07-29T19:02:18.987016+00:00 [queued]>
[2025-07-29T19:02:21.757+0000] {taskinstance.py:2076} INFO - Dependencies all met for dep_context=requeueable deps ti=<TaskInstance: ETL_toll_data.unzip_data manual__2025-07-29T19:02:18.987016+00:00 [queued]>
[2025-07-29T19:02:21.758+0000] {taskinstance.py:2306} INFO - Starting attempt 1 of 2
[2025-07-29T19:02:21.776+0000] {taskinstance.py:2330} INFO - Executing <Task(BashOperator): unzip_data> on 2025-07-29 19:02:18.987016+00:00
[2025-07-29T19:02:21.793+0000] {standard_task_runner.py:63} INFO - Started process 959 to run task
[2025-07-29T19:02:21.799+0000] {standard_task_runner.py:90} INFO - Running: ['***', 'tasks', 'run', 'ETL_toll_data', 'unzip_data', 'manual__2025-07-29T19:02:18.987016+00:00', '--job-id', '8', '--raw', '--subdir', 'DAGS_FOLDER/ETL_toll_data.py', '--cfg-path', '/tmp/tmpn0l923gq']
[2025-07-29T19:02:21.804+0000] {standard_task_runner.py:91} INFO - Job 8: Subtask unzip_data
[2025-07-29T19:02:21.827+0000] {warnings.py:109} WARNING - /home/***/.local/lib/python3.9/site-packages/***/settings.py:195: DeprecationWarning: The sql_alchemy_conn option in [core] has been moved to the sql_alchemy_conn option in [database] - the old setting has been used, but please update your config.
  SQL_ALCHEMY_CONN = conf.get("database", "SQL_ALCHEMY_CONN")

[2025-07-29T19:02:21.901+0000] {task_command.py:426} INFO - Running <TaskInstance: ETL_toll_data.unzip_data manual__2025-07-29T19:02:18.987016+00:00 [running]> on host 765deeaf3614
[2025-07-29T19:02:22.150+0000] {taskinstance.py:2648} INFO - Exporting env vars: AIRFLOW_CTX_DAG_EMAIL='Dummy Email' AIRFLOW_CTX_DAG_OWNER='Dummy Name' AIRFLOW_CTX_DAG_ID='ETL_toll_data' AIRFLOW_CTX_TASK_ID='unzip_data' AIRFLOW_CTX_EXECUTION_DATE='2025-07-29T19:02:18.987016+00:00' AIRFLOW_CTX_TRY_NUMBER='1' AIRFLOW_CTX_DAG_RUN_ID='manual__2025-07-29T19:02:18.987016+00:00'
[2025-07-29T19:02:22.153+0000] {taskinstance.py:430} INFO - ::endgroup::
[2025-07-29T19:02:22.154+0000] {subprocess.py:63} INFO - Tmp dir root location: /tmp
[2025-07-29T19:02:22.170+0000] {subprocess.py:75} INFO - Running command: ['/usr/bin/bash', '-c', 'tar -xzf /home/project/***/dags/finalassignment/tolldata.tgz -C /home/project/***/dags/finalassignment/']
[2025-07-29T19:02:22.274+0000] {subprocess.py:86} INFO - Output:
[2025-07-29T19:02:22.390+0000] {subprocess.py:97} INFO - Command exited with return code 0
[2025-07-29T19:02:22.410+0000] {taskinstance.py:441} INFO - ::group::Post task execution logs
[2025-07-29T19:02:22.733+0000] {taskinstance.py:1206} INFO - Marking task as SUCCESS. dag_id=ETL_toll_data, task_id=unzip_data, run_id=manual__2025-07-29T19:02:18.987016+00:00, execution_date=20250729T190218, start_date=20250729T190221, end_date=20250729T190222
[2025-07-29T19:02:22.850+0000] {local_task_job_runner.py:240} INFO - Task exited with return code 0
[2025-07-29T19:02:22.906+0000] {taskinstance.py:3498} INFO - 1 downstream tasks scheduled from follow-on schedule check
[2025-07-29T19:02:22.908+0000] {local_task_job_runner.py:222} INFO - ::endgroup::
