[2025-07-29T18:46:56.430+0000] {local_task_job_runner.py:120} INFO - ::group::Pre task execution logs
[2025-07-29T18:46:56.480+0000] {taskinstance.py:2076} INFO - Dependencies all met for dep_context=non-requeueable deps ti=<TaskInstance: ETL_toll_data.consolidate_data manual__2025-07-29T18:46:37.515834+00:00 [queued]>
[2025-07-29T18:46:56.496+0000] {taskinstance.py:2076} INFO - Dependencies all met for dep_context=requeueable deps ti=<TaskInstance: ETL_toll_data.consolidate_data manual__2025-07-29T18:46:37.515834+00:00 [queued]>
[2025-07-29T18:46:56.497+0000] {taskinstance.py:2306} INFO - Starting attempt 1 of 2
[2025-07-29T18:46:56.517+0000] {taskinstance.py:2330} INFO - Executing <Task(BashOperator): consolidate_data> on 2025-07-29 18:46:37.515834+00:00
[2025-07-29T18:46:56.534+0000] {standard_task_runner.py:63} INFO - Started process 494 to run task
[2025-07-29T18:46:56.539+0000] {standard_task_runner.py:90} INFO - Running: ['***', 'tasks', 'run', 'ETL_toll_data', 'consolidate_data', 'manual__2025-07-29T18:46:37.515834+00:00', '--job-id', '6', '--raw', '--subdir', 'DAGS_FOLDER/ETL_toll_data.py', '--cfg-path', '/tmp/tmpf2e491br']
[2025-07-29T18:46:56.543+0000] {standard_task_runner.py:91} INFO - Job 6: Subtask consolidate_data
[2025-07-29T18:46:56.570+0000] {warnings.py:109} WARNING - /home/***/.local/lib/python3.9/site-packages/***/settings.py:195: DeprecationWarning: The sql_alchemy_conn option in [core] has been moved to the sql_alchemy_conn option in [database] - the old setting has been used, but please update your config.
  SQL_ALCHEMY_CONN = conf.get("database", "SQL_ALCHEMY_CONN")

[2025-07-29T18:46:56.678+0000] {task_command.py:426} INFO - Running <TaskInstance: ETL_toll_data.consolidate_data manual__2025-07-29T18:46:37.515834+00:00 [running]> on host 765deeaf3614
[2025-07-29T18:46:56.952+0000] {taskinstance.py:2648} INFO - Exporting env vars: AIRFLOW_CTX_DAG_EMAIL='Dummy Email' AIRFLOW_CTX_DAG_OWNER='Dummy Name' AIRFLOW_CTX_DAG_ID='ETL_toll_data' AIRFLOW_CTX_TASK_ID='consolidate_data' AIRFLOW_CTX_EXECUTION_DATE='2025-07-29T18:46:37.515834+00:00' AIRFLOW_CTX_TRY_NUMBER='1' AIRFLOW_CTX_DAG_RUN_ID='manual__2025-07-29T18:46:37.515834+00:00'
[2025-07-29T18:46:56.955+0000] {taskinstance.py:430} INFO - ::endgroup::
[2025-07-29T18:46:56.956+0000] {subprocess.py:63} INFO - Tmp dir root location: /tmp
[2025-07-29T18:46:56.957+0000] {subprocess.py:75} INFO - Running command: ['/usr/bin/bash', '-c', 'paste -d"," /home/project/***/dags/finalassignment/csv_data.csv /home/project/***/dags/finalassignment/tsv_data.csv /home/project/***/dags/finalassignment/fixed_width_data.csv > /home/project/***/dags/finalassignment/extracted_data.csv']
[2025-07-29T18:46:56.996+0000] {subprocess.py:86} INFO - Output:
[2025-07-29T18:46:57.012+0000] {subprocess.py:97} INFO - Command exited with return code 0
[2025-07-29T18:46:57.014+0000] {taskinstance.py:441} INFO - ::group::Post task execution logs
[2025-07-29T18:46:57.096+0000] {taskinstance.py:1206} INFO - Marking task as SUCCESS. dag_id=ETL_toll_data, task_id=consolidate_data, run_id=manual__2025-07-29T18:46:37.515834+00:00, execution_date=20250729T184637, start_date=20250729T184656, end_date=20250729T184657
[2025-07-29T18:46:57.153+0000] {local_task_job_runner.py:240} INFO - Task exited with return code 0
[2025-07-29T18:46:57.201+0000] {taskinstance.py:3498} INFO - 1 downstream tasks scheduled from follow-on schedule check
[2025-07-29T18:46:57.214+0000] {local_task_job_runner.py:222} INFO - ::endgroup::
