[2025-07-29T19:02:33.636+0000] {local_task_job_runner.py:120} INFO - ::group::Pre task execution logs
[2025-07-29T19:02:33.688+0000] {taskinstance.py:2076} INFO - Dependencies all met for dep_context=non-requeueable deps ti=<TaskInstance: ETL_toll_data.extract_data_from_tsv manual__2025-07-29T19:02:18.987016+00:00 [queued]>
[2025-07-29T19:02:33.700+0000] {taskinstance.py:2076} INFO - Dependencies all met for dep_context=requeueable deps ti=<TaskInstance: ETL_toll_data.extract_data_from_tsv manual__2025-07-29T19:02:18.987016+00:00 [queued]>
[2025-07-29T19:02:33.701+0000] {taskinstance.py:2306} INFO - Starting attempt 1 of 2
[2025-07-29T19:02:33.717+0000] {taskinstance.py:2330} INFO - Executing <Task(BashOperator): extract_data_from_tsv> on 2025-07-29 19:02:18.987016+00:00
[2025-07-29T19:02:33.731+0000] {standard_task_runner.py:63} INFO - Started process 976 to run task
[2025-07-29T19:02:33.737+0000] {standard_task_runner.py:90} INFO - Running: ['***', 'tasks', 'run', 'ETL_toll_data', 'extract_data_from_tsv', 'manual__2025-07-29T19:02:18.987016+00:00', '--job-id', '10', '--raw', '--subdir', 'DAGS_FOLDER/ETL_toll_data.py', '--cfg-path', '/tmp/tmp54azdpzb']
[2025-07-29T19:02:33.741+0000] {standard_task_runner.py:91} INFO - Job 10: Subtask extract_data_from_tsv
[2025-07-29T19:02:33.764+0000] {warnings.py:109} WARNING - /home/***/.local/lib/python3.9/site-packages/***/settings.py:195: DeprecationWarning: The sql_alchemy_conn option in [core] has been moved to the sql_alchemy_conn option in [database] - the old setting has been used, but please update your config.
  SQL_ALCHEMY_CONN = conf.get("database", "SQL_ALCHEMY_CONN")

[2025-07-29T19:02:33.840+0000] {task_command.py:426} INFO - Running <TaskInstance: ETL_toll_data.extract_data_from_tsv manual__2025-07-29T19:02:18.987016+00:00 [running]> on host 765deeaf3614
[2025-07-29T19:02:34.013+0000] {taskinstance.py:2648} INFO - Exporting env vars: AIRFLOW_CTX_DAG_EMAIL='Dummy Email' AIRFLOW_CTX_DAG_OWNER='Dummy Name' AIRFLOW_CTX_DAG_ID='ETL_toll_data' AIRFLOW_CTX_TASK_ID='extract_data_from_tsv' AIRFLOW_CTX_EXECUTION_DATE='2025-07-29T19:02:18.987016+00:00' AIRFLOW_CTX_TRY_NUMBER='1' AIRFLOW_CTX_DAG_RUN_ID='manual__2025-07-29T19:02:18.987016+00:00'
[2025-07-29T19:02:34.016+0000] {taskinstance.py:430} INFO - ::endgroup::
[2025-07-29T19:02:34.017+0000] {subprocess.py:63} INFO - Tmp dir root location: /tmp
[2025-07-29T19:02:34.018+0000] {subprocess.py:75} INFO - Running command: ['/usr/bin/bash', '-c', 'cut -f5-7 /home/project/***/dags/finalassignment/tollplaza-data.tsv | cut -c1-16 | tr "\t" "," > /home/project/***/dags/finalassignment/tsv_data.csv']
[2025-07-29T19:02:34.047+0000] {subprocess.py:86} INFO - Output:
[2025-07-29T19:02:34.057+0000] {subprocess.py:97} INFO - Command exited with return code 0
[2025-07-29T19:02:34.059+0000] {taskinstance.py:441} INFO - ::group::Post task execution logs
[2025-07-29T19:02:34.112+0000] {taskinstance.py:1206} INFO - Marking task as SUCCESS. dag_id=ETL_toll_data, task_id=extract_data_from_tsv, run_id=manual__2025-07-29T19:02:18.987016+00:00, execution_date=20250729T190218, start_date=20250729T190233, end_date=20250729T190234
[2025-07-29T19:02:34.191+0000] {local_task_job_runner.py:240} INFO - Task exited with return code 0
[2025-07-29T19:02:34.241+0000] {taskinstance.py:3498} INFO - 1 downstream tasks scheduled from follow-on schedule check
[2025-07-29T19:02:34.243+0000] {local_task_job_runner.py:222} INFO - ::endgroup::
