[2025-07-29T19:02:27.715+0000] {local_task_job_runner.py:120} INFO - ::group::Pre task execution logs
[2025-07-29T19:02:27.871+0000] {taskinstance.py:2076} INFO - Dependencies all met for dep_context=non-requeueable deps ti=<TaskInstance: ETL_toll_data.extract_data_from_csv manual__2025-07-29T19:02:18.987016+00:00 [queued]>
[2025-07-29T19:02:27.931+0000] {taskinstance.py:2076} INFO - Dependencies all met for dep_context=requeueable deps ti=<TaskInstance: ETL_toll_data.extract_data_from_csv manual__2025-07-29T19:02:18.987016+00:00 [queued]>
[2025-07-29T19:02:27.932+0000] {taskinstance.py:2306} INFO - Starting attempt 1 of 2
[2025-07-29T19:02:27.994+0000] {taskinstance.py:2330} INFO - Executing <Task(BashOperator): extract_data_from_csv> on 2025-07-29 19:02:18.987016+00:00
[2025-07-29T19:02:28.034+0000] {standard_task_runner.py:63} INFO - Started process 971 to run task
[2025-07-29T19:02:28.050+0000] {standard_task_runner.py:90} INFO - Running: ['***', 'tasks', 'run', 'ETL_toll_data', 'extract_data_from_csv', 'manual__2025-07-29T19:02:18.987016+00:00', '--job-id', '9', '--raw', '--subdir', 'DAGS_FOLDER/ETL_toll_data.py', '--cfg-path', '/tmp/tmp714y3e_n']
[2025-07-29T19:02:28.054+0000] {standard_task_runner.py:91} INFO - Job 9: Subtask extract_data_from_csv
[2025-07-29T19:02:28.114+0000] {warnings.py:109} WARNING - /home/***/.local/lib/python3.9/site-packages/***/settings.py:195: DeprecationWarning: The sql_alchemy_conn option in [core] has been moved to the sql_alchemy_conn option in [database] - the old setting has been used, but please update your config.
  SQL_ALCHEMY_CONN = conf.get("database", "SQL_ALCHEMY_CONN")

[2025-07-29T19:02:28.332+0000] {task_command.py:426} INFO - Running <TaskInstance: ETL_toll_data.extract_data_from_csv manual__2025-07-29T19:02:18.987016+00:00 [running]> on host 765deeaf3614
[2025-07-29T19:02:29.172+0000] {taskinstance.py:2648} INFO - Exporting env vars: AIRFLOW_CTX_DAG_EMAIL='Dummy Email' AIRFLOW_CTX_DAG_OWNER='Dummy Name' AIRFLOW_CTX_DAG_ID='ETL_toll_data' AIRFLOW_CTX_TASK_ID='extract_data_from_csv' AIRFLOW_CTX_EXECUTION_DATE='2025-07-29T19:02:18.987016+00:00' AIRFLOW_CTX_TRY_NUMBER='1' AIRFLOW_CTX_DAG_RUN_ID='manual__2025-07-29T19:02:18.987016+00:00'
[2025-07-29T19:02:29.176+0000] {taskinstance.py:430} INFO - ::endgroup::
[2025-07-29T19:02:29.177+0000] {subprocess.py:63} INFO - Tmp dir root location: /tmp
[2025-07-29T19:02:29.189+0000] {subprocess.py:75} INFO - Running command: ['/usr/bin/bash', '-c', 'cut -d"," -f1-4 /home/project/***/dags/finalassignment/vehicle-data.csv > /home/project/***/dags/finalassignment/csv_data.csv']
[2025-07-29T19:02:29.291+0000] {subprocess.py:86} INFO - Output:
[2025-07-29T19:02:29.331+0000] {subprocess.py:97} INFO - Command exited with return code 0
[2025-07-29T19:02:29.332+0000] {taskinstance.py:441} INFO - ::group::Post task execution logs
[2025-07-29T19:02:29.578+0000] {taskinstance.py:1206} INFO - Marking task as SUCCESS. dag_id=ETL_toll_data, task_id=extract_data_from_csv, run_id=manual__2025-07-29T19:02:18.987016+00:00, execution_date=20250729T190218, start_date=20250729T190227, end_date=20250729T190229
[2025-07-29T19:02:29.773+0000] {local_task_job_runner.py:240} INFO - Task exited with return code 0
[2025-07-29T19:02:29.995+0000] {taskinstance.py:3498} INFO - 1 downstream tasks scheduled from follow-on schedule check
[2025-07-29T19:02:30.000+0000] {local_task_job_runner.py:222} INFO - ::endgroup::
